  [1m[36m (32.8ms)[0m  [1mCREATE TABLE "schema_migrations" ("version" character varying NOT NULL) [0m
  [1m[35m (2.2ms)[0m  CREATE UNIQUE INDEX  "unique_schema_migrations" ON "schema_migrations"  ("version")
  [1m[36mActiveRecord::SchemaMigration Load (0.2ms)[0m  [1mSELECT "schema_migrations".* FROM "schema_migrations"[0m
Migrating to DeviseCreateUsers (20140828012909)
  [1m[35m (0.1ms)[0m  BEGIN
DEPRECATION WARNING: `#timestamps` was called without specifying an option for `null`. In Rails 5, this behavior will change to `null: false`. You should manually specify `null: true` to prevent the behavior of your existing migrations from changing. (called from block in change at /Users/khadijahcoakley/FS Ventures/repos/usace-tlp/db/migrate/20140828012909_devise_create_users.rb:34)
  [1m[36m (29.7ms)[0m  [1mCREATE TABLE "users" ("id" serial primary key, "email" character varying DEFAULT '' NOT NULL, "encrypted_password" character varying DEFAULT '' NOT NULL, "reset_password_token" character varying, "reset_password_sent_at" timestamp, "remember_created_at" timestamp, "sign_in_count" integer DEFAULT 0 NOT NULL, "current_sign_in_at" timestamp, "last_sign_in_at" timestamp, "current_sign_in_ip" character varying, "last_sign_in_ip" character varying, "created_at" timestamp, "updated_at" timestamp) [0m
  [1m[35m (0.8ms)[0m  CREATE UNIQUE INDEX  "index_users_on_email" ON "users"  ("email")
  [1m[36m (0.6ms)[0m  [1mCREATE UNIQUE INDEX  "index_users_on_reset_password_token" ON "users"  ("reset_password_token")[0m
  [1m[35mSQL (0.2ms)[0m  INSERT INTO "schema_migrations" ("version") VALUES ($1)  [["version", "20140828012909"]]
  [1m[36m (6.3ms)[0m  [1mCOMMIT[0m
Migrating to AddNameToUsers (20140828012911)
  [1m[35m (6.2ms)[0m  BEGIN
  [1m[36m (0.5ms)[0m  [1mALTER TABLE "users" ADD "name" character varying[0m
  [1m[35mSQL (0.1ms)[0m  INSERT INTO "schema_migrations" ("version") VALUES ($1)  [["version", "20140828012911"]]
  [1m[36m (6.2ms)[0m  [1mCOMMIT[0m
Migrating to AddRoleToUsers (20140828012915)
  [1m[35m (0.1ms)[0m  BEGIN
  [1m[36m (0.2ms)[0m  [1mALTER TABLE "users" ADD "role" integer[0m
  [1m[35mSQL (0.1ms)[0m  INSERT INTO "schema_migrations" ("version") VALUES ($1)  [["version", "20140828012915"]]
  [1m[36m (5.8ms)[0m  [1mCOMMIT[0m
  [1m[35mActiveRecord::SchemaMigration Load (0.1ms)[0m  SELECT "schema_migrations".* FROM "schema_migrations"
  [1m[36m (2.1ms)[0m  [1mSELECT t2.oid::regclass::text AS to_table, a1.attname AS column, a2.attname AS primary_key, c.conname AS name, c.confupdtype AS on_update, c.confdeltype AS on_delete
FROM pg_constraint c
JOIN pg_class t1 ON c.conrelid = t1.oid
JOIN pg_class t2 ON c.confrelid = t2.oid
JOIN pg_attribute a1 ON a1.attnum = c.conkey[1] AND a1.attrelid = t1.oid
JOIN pg_attribute a2 ON a2.attnum = c.confkey[1] AND a2.attrelid = t2.oid
JOIN pg_namespace t3 ON c.connamespace = t3.oid
WHERE c.contype = 'f'
  AND t1.relname = 'users'
  AND t3.nspname = ANY (current_schemas(false))
ORDER BY c.conname
[0m
  [1m[36mActiveRecord::SchemaMigration Load (0.3ms)[0m  [1mSELECT "schema_migrations".* FROM "schema_migrations"[0m
  [1m[35mUser Load (0.4ms)[0m  SELECT  "users".* FROM "users" WHERE "users"."email" = $1 LIMIT 1  [["email", "user@example.com"]]
  [1m[36m (0.3ms)[0m  [1mBEGIN[0m
  [1m[35mUser Exists (0.2ms)[0m  SELECT  1 AS one FROM "users" WHERE "users"."email" = 'user@example.com' LIMIT 1
  [1m[36mSQL (0.4ms)[0m  [1mINSERT INTO "users" ("email", "encrypted_password", "role", "created_at", "updated_at") VALUES ($1, $2, $3, $4, $5) RETURNING "id"[0m  [["email", "user@example.com"], ["encrypted_password", "$2a$10$IPsAKdH1sxTgb8L893K6puMTFIKRC3ezzvBroXCtIh/.klBL5ggie"], ["role", 2], ["created_at", "2016-07-18 21:45:29.934111"], ["updated_at", "2016-07-18 21:45:29.934111"]]
  [1m[35m (6.3ms)[0m  COMMIT
  [1m[36m (0.1ms)[0m  [1mBEGIN[0m
  [1m[35m (0.1ms)[0m  COMMIT


Started GET "/" for ::1 at 2016-07-18 16:46:23 -0500
  [1m[36mActiveRecord::SchemaMigration Load (0.2ms)[0m  [1mSELECT "schema_migrations".* FROM "schema_migrations"[0m
Processing by VisitorsController#index as HTML
  [1m[35m (0.5ms)[0m  SELECT COUNT(*) FROM "users"
  Rendered visitors/index.html.erb within layouts/application (6.1ms)
  Rendered layouts/_navigation_links.html.erb (0.5ms)
  [1m[36mUser Load (0.2ms)[0m  [1mSELECT  "users".* FROM "users" WHERE "users"."id" = $1  ORDER BY "users"."id" ASC LIMIT 1[0m  [["id", 16]]
  Rendered layouts/_nav_links_for_auth.html.erb (13.6ms)
  Rendered layouts/_navigation.html.erb (17.8ms)
  Rendered layouts/_messages.html.erb (0.5ms)
Completed 200 OK in 4114ms (Views: 4102.2ms | ActiveRecord: 3.3ms)


Started GET "/users/sign_up" for ::1 at 2016-07-18 16:46:32 -0500
Processing by Devise::RegistrationsController#new as HTML
  Rendered devise/registrations/new.html.erb within layouts/application (300.0ms)
  Rendered layouts/_navigation_links.html.erb (0.2ms)
  Rendered layouts/_nav_links_for_auth.html.erb (0.4ms)
  Rendered layouts/_navigation.html.erb (3.9ms)
  Rendered layouts/_messages.html.erb (0.1ms)
Completed 200 OK in 408ms (Views: 401.1ms | ActiveRecord: 0.0ms)


Started GET "/users/sign_in" for ::1 at 2016-07-18 16:46:34 -0500
Processing by Devise::SessionsController#new as HTML
  Rendered devise/sessions/new.html.erb within layouts/application (10.4ms)
  Rendered layouts/_navigation_links.html.erb (0.2ms)
  Rendered layouts/_nav_links_for_auth.html.erb (0.3ms)
  Rendered layouts/_navigation.html.erb (3.0ms)
  Rendered layouts/_messages.html.erb (0.1ms)
Completed 200 OK in 145ms (Views: 144.0ms | ActiveRecord: 0.0ms)


Started GET "/pages/about" for ::1 at 2016-07-18 16:46:36 -0500
Processing by HighVoltage::PagesController#show as HTML
  Parameters: {"id"=>"about"}
  Rendered pages/about.html.erb within layouts/application (1.0ms)
  Rendered layouts/_navigation_links.html.erb (0.3ms)
  Rendered layouts/_nav_links_for_auth.html.erb (0.9ms)
  Rendered layouts/_navigation.html.erb (4.2ms)
  Rendered layouts/_messages.html.erb (0.4ms)
Completed 200 OK in 100ms (Views: 98.6ms | ActiveRecord: 0.0ms)


Started GET "/" for ::1 at 2016-07-18 16:46:37 -0500
Processing by VisitorsController#index as HTML
  [1m[35m (0.2ms)[0m  SELECT COUNT(*) FROM "users"
  Rendered visitors/index.html.erb within layouts/application (1.1ms)
  Rendered layouts/_navigation_links.html.erb (0.1ms)
  Rendered layouts/_nav_links_for_auth.html.erb (0.3ms)
  Rendered layouts/_navigation.html.erb (2.7ms)
  Rendered layouts/_messages.html.erb (0.1ms)
Completed 200 OK in 79ms (Views: 78.6ms | ActiveRecord: 0.2ms)
